<?xml version="1.0" encoding="UTF-8"?>
<testng-results skipped="0" failed="0" total="1" passed="1">
  <reporter-output>
  </reporter-output>
  <suite name="Default suite" duration-ms="298535" started-at="2020-02-10T04:07:23Z" finished-at="2020-02-10T04:12:22Z">
    <groups>
    </groups>
    <test name="Default test" duration-ms="298535" started-at="2020-02-10T04:07:23Z" finished-at="2020-02-10T04:12:22Z">
      <class name="driverscript.NewTest">
        <test-method status="PASS" signature="f()[pri:0, instance:driverscript.NewTest@1593948d]" name="f" duration-ms="298508" started-at="2020-02-10T09:37:23Z" finished-at="2020-02-10T09:42:22Z">
          <reporter-output>
          </reporter-output>
        </test-method> <!-- f -->
      </class> <!-- driverscript.NewTest -->
    </test> <!-- Default test -->
  </suite> <!-- Default suite -->
</testng-results>
